                 -1   $MODDE0CV ; Special Function Registers declaration for CV-8052
0000              1   ;  MODDDE2: Register definition for DE2-8052 softcore
0000              2   ;
0000              3   ;   Copyright (C) 2011  Jesus Calvino-Fraga, jesusc at ece.ubc.ca
0000              4   ;
0000              5   ;   This library is free software; you can redistribute it and/or
0000              6   ;   modify it under the terms of the GNU Lesser General Public
0000              7   ;   License as published by the Free Software Foundation; either
0000              8   ;   version 2.1 of the License, or (at your option) any later version.
0000              9   ;
0000             10   ;   This library is distributed in the hope that it will be useful,
0000             11   ;   but WITHOUT ANY WARRANTY; without even the implied warranty of
0000             12   ;   MERCHANTABILITY or FITNESS FOR A PARTICULAR PURPOSE.  See the GNU
0000             13   ;   Lesser General Public License for more details.
0000             14   ;
0000             15   ;   You should have received a copy of the GNU Lesser General Public
0000             16   ;   License along with this library; if not, write to the Free Software
0000             17   ;   Foundation, Inc., 59 Temple Place, Suite 330, Boston, MA  02111-1307 USA
0000             18   ;
0000             19       
0000             20   P0     DATA  080H  ;PORT 0
0000             21   SP     DATA  081H  ;STACK POINTER
0000             22   DPL    DATA  082H  ;DATA POINTER 0 - LOW BYTE
0000             23   DPH    DATA  083H  ;DATA POINTER 0 - HIGH BYTE
0000             24   DPL1   DATA  084H  ;DATA POINTER 1 - LOW BYTE
0000             25   DPH1   DATA  085H  ;DATA POINTER 1 - HIGH BYTE
0000             26   DPS    DATA  086H  ;DATA POINTER SELECT. DPH1, DPL1 active when DPS.0=1
0000             27   PCON   DATA  087H  ;POWER CONTROL
0000             28   TCON   DATA  088H  ;TIMER CONTROL
0000             29   TMOD   DATA  089H  ;TIMER MODE
0000             30   TL0    DATA  08AH  ;TIMER 0 - LOW BYTE
0000             31   TL1    DATA  08BH  ;TIMER 1 - LOW BYTE
0000             32   TH0    DATA  08CH  ;TIMER 0 - HIGH BYTE
0000             33   TH1    DATA  08DH  ;TIMER 1 - HIGH BYTE
0000             34   P1     DATA  090H  ;PORT 1
0000             35   SCON   DATA  098H  ;SERIAL PORT CONTROL
0000             36   SBUF   DATA  099H  ;SERIAL PORT BUFFER
0000             37   P2     DATA  0A0H  ;PORT 2
0000             38   IE     DATA  0A8H  ;INTERRUPT ENABLE
0000             39   P3     DATA  0B0H  ;PORT 3
0000             40   IP     DATA  0B8H  ;INTERRUPT PRIORITY
0000             41   T2CON  DATA  0C8H  ;TIMER 2 CONTROL
0000             42   T2MOD  DATA  0C9H  ;TIMER 2 MODE
0000             43   RCAP2L DATA  0CAH  ;TIMER 2 CAPTURE REGISTER - LOW BYTE
0000             44   RCAP2H DATA  0CBH  ;TIMER 2 CAPTURE REGISTER - HIGH BYTE
0000             45   TL2    DATA  0CCH  ;TIMER 2 - LOW BYTE
0000             46   TH2    DATA  0CDH  ;TIMER 2 - HIGH BYTE
0000             47   PSW    DATA  0D0H  ;PROGRAM STATUS WORD
0000             48   ACC    DATA  0E0H  ;ACCUMULATOR
0000             49   B      DATA  0F0H  ;MULTIPLICATION REGISTER
0000             50   IT0    BIT   088H  ;TCON.0 - EXT. INTERRUPT 0 TYPE
0000             51   IE0    BIT   089H  ;TCON.1 - EXT. INTERRUPT 0 EDGE FLAG
0000             52   IT1    BIT   08AH  ;TCON.2 - EXT. INTERRUPT 1 TYPE
0000             53   IE1    BIT   08BH  ;TCON.3 - EXT. INTERRUPT 1 EDGE FLAG
0000             54   TR0    BIT   08CH  ;TCON.4 - TIMER 0 ON/OFF CONTROL
0000             55   TF0    BIT   08DH  ;TCON.5 - TIMER 0 OVERFLOW FLAG
0000             56   TR1    BIT   08EH  ;TCON.6 - TIMER 1 ON/OFF CONTROL
0000             57   TF1    BIT   08FH  ;TCON.7 - TIMER 1 OVERFLOW FLAG
0000             58   RI     BIT   098H  ;SCON.0 - RECEIVE INTERRUPT FLAG
0000             59   TI     BIT   099H  ;SCON.1 - TRANSMIT INTERRUPT FLAG
0000             60   RB8    BIT   09AH  ;SCON.2 - RECEIVE BIT 8
0000             61   TB8    BIT   09BH  ;SCON.3 - TRANSMIT BIT 8
0000             62   REN    BIT   09CH  ;SCON.4 - RECEIVE ENABLE
0000             63   SM2    BIT   09DH  ;SCON.5 - SERIAL MODE CONTROL BIT 2
0000             64   SM1    BIT   09EH  ;SCON.6 - SERIAL MODE CONTROL BIT 1
0000             65   SM0    BIT   09FH  ;SCON.7 - SERIAL MODE CONTROL BIT 0
0000             66   EX0    BIT   0A8H  ;IE.0 - EXTERNAL INTERRUPT 0 ENABLE
0000             67   ET0    BIT   0A9H  ;IE.1 - TIMER 0 INTERRUPT ENABLE
0000             68   EX1    BIT   0AAH  ;IE.2 - EXTERNAL INTERRUPT 1 ENABLE
0000             69   ET1    BIT   0ABH  ;IE.3 - TIMER 1 INTERRUPT ENABLE
0000             70   ES     BIT   0ACH  ;IE.4 - SERIAL PORT INTERRUPT ENABLE
0000             71   ET2    BIT   0ADH  ;IE.5 - TIMER 2 INTERRUPT ENABLE
0000             72   EA     BIT   0AFH  ;IE.7 - GLOBAL INTERRUPT ENABLE
0000             73   RXD    BIT   0B0H  ;P3.0 - SERIAL PORT RECEIVE INPUT
0000             74   TXD    BIT   0B1H  ;P3.1 - SERIAL PORT TRANSMIT OUTPUT
0000             75   INT0   BIT   0B2H  ;P3.2 - EXTERNAL INTERRUPT 0 INPUT
0000             76   INT1   BIT   0B3H  ;P3.3 - EXTERNAL INTERRUPT 1 INPUT
0000             77   T0     BIT   0B4H  ;P3.4 - TIMER 0 COUNT INPUT
0000             78   T1     BIT   0B5H  ;P3.5 - TIMER 1 COUNT INPUT
0000             79   WR     BIT   0B6H  ;P3.6 - WRITE CONTROL FOR EXT. MEMORY
0000             80   RD     BIT   0B7H  ;P3.7 - READ CONTROL FOR EXT. MEMORY
0000             81   PX0    BIT   0B8H  ;IP.0 - EXTERNAL INTERRUPT 0 PRIORITY
0000             82   PT0    BIT   0B9H  ;IP.1 - TIMER 0 PRIORITY
0000             83   PX1    BIT   0BAH  ;IP.2 - EXTERNAL INTERRUPT 1 PRIORITY
0000             84   PT1    BIT   0BBH  ;IP.3 - TIMER 1 PRIORITY
0000             85   PS     BIT   0BCH  ;IP.4 - SERIAL PORT PRIORITY
0000             86   PT2    BIT   0BDH  ;IP.5 - TIMER 2 PRIORITY
0000             87   CAP2   BIT   0C8H  ;T2CON.0 - CAPTURE OR RELOAD SELECT
0000             88   CNT2   BIT   0C9H  ;T2CON.1 - TIMER OR COUNTER SELECT
0000             89   TR2    BIT   0CAH  ;T2CON.2 - TIMER 2 ON/OFF CONTROL
0000             90   EXEN2  BIT   0CBH  ;T2CON.3 - TIMER 2 EXTERNAL ENABLE FLAG
0000             91   TCLK   BIT   0CCH  ;T2CON.4 - TRANSMIT CLOCK SELECT
0000             92   RCLK   BIT   0CDH  ;T2CON.5 - RECEIVE CLOCK SELECTT
0000             93   EXF2   BIT   0CEH  ;T2CON.6 - EXTERNAL TRANSITION FLAG
0000             94   TF2    BIT   0CFH  ;T2CON.7 - TIMER 2 OVERFLOW FLAG
0000             95   P      BIT   0D0H  ;PSW.0 - ACCUMULATOR PARITY FLAG
0000             96   OV     BIT   0D2H  ;PSW.2 - OVERFLOW FLAG
0000             97   RS0    BIT   0D3H  ;PSW.3 - REGISTER BANK SELECT 0
0000             98   RS1    BIT   0D4H  ;PSW.4 - REGISTER BANK SELECT 1
0000             99   F0     BIT   0D5H  ;PSW.5 - FLAG 0
0000            100   AC     BIT   0D6H  ;PSW.6 - AUXILIARY CARRY FLAG
0000            101   CY     BIT   0D7H  ;PSW.7 - CARRY FLAG
0000            102   
0000            103   ; For the altera DE2 configured with an 8051/8052 softcore processor
0000            104   ; we have the following extra registers:
0000            105   
0000            106   HEX0   DATA  091H ; Zero turns the segment on
0000            107   HEX1   DATA  092H ; 
0000            108   HEX2   DATA  093H ; 
0000            109   HEX3   DATA  094H ; 
0000            110   HEX4   DATA  08EH ;
0000            111   HEX5   DATA  08FH ;
0000            112   HEX6   DATA  096H ;
0000            113   HEX7   DATA  097H ;
0000            114   
0000            115   P0MOD  DATA  09AH ; Input/output mode bits for port 0.  '1' sets the port to output mode.
0000            116   P1MOD  DATA  09BH ; Input/output mode bits for port 1
0000            117   P2MOD  DATA  09CH ; Input/output mode bits for port 2
0000            118   P3MOD  DATA  09DH ; Input/output mode bits for port 3
0000            119   
0000            120   LEDRA  DATA  0E8H ; LEDs LEDR0 to LEDR7 (bit addressable, ex: LEDRA.1 for LEDR1)
0000            121   LEDRB  DATA  095H ; LEDs LEDR8 to LEDR15
0000            122   LEDRC  DATA  09EH ; LEDs LEDR16, LEDR15, and LEDG8
0000            123   LEDG   DATA  0F8H ; LEDs LEDG0 to LEDG7 (bit addressable, ex: LEDG.3 for LEDG3)
0000            124   SWA    DATA  0E8H ; Switches SW0 to SW7 (bit addressable, ex: SWA.1 for SW1)
0000            125   SWB    DATA  095H ; Switches SW8 to SW15
0000            126   SWC    DATA  09EH ; Switches SW16 and SW17
0000            127   KEY    DATA  0F8H ; KEY1=KEY.1, KEY2=KEY.2, KEY3=KEY.3.  KEY0 is the reset button! 
0000            128   
0000            129   LCD_CMD   DATA 0D8H ;
0000            130   LCD_DATA  DATA 0D9H ;
0000            131   LCD_MOD   DATA 0DAH ; Write 0xff to make LCD_DATA an output
0000            132   LCD_RW    BIT  0D8H ; '0' writes to LCD
0000            133   LCD_EN    BIT  0D9H ; Toggle from '1' to '0'
0000            134   LCD_RS    BIT  0DAH ; '0' for commands, '1' for data
0000            135   LCD_ON    BIT  0DBH ; Write '1' to power the LCD
0000            136   LCD_BLON  BIT  0DCH ; Write '1' to turn on back light
0000            137   
0000            138   FLASH_CMD  data 0DBH ; The control bits of the flash memory:
0000            139   ; bit 0: FL_RST_N  Set to 1 for normal operation
0000            140   ; bit 1: FL_WE_N
0000            141   ; bit 2: FL_OE_N
0000            142   ; bit 3: FL_CE_N
0000            143   FLASH_DATA data 0DCH ; 8-bit data bus of flash memory.
0000            144   FLASH_MOD  data 0DDH ; 0xff makes FLASH_DATA output.  0x00 makes FLASH_DATA input.
0000            145   FLASH_ADD0 data 0E1H ; address bits 0 to 7.
0000            146   FLASH_ADD1 data 0E2H ; address bits 8 to 15.
0000            147   FLASH_ADD2 data 0E3H ; address bits 16 to 21.
0000            148   
0000              2   
0000              3   org 0000H ; After reset, the processor starts at location zero
0000 02002B       4            ljmp initial
0003              5            
0003              6   NO1 EQU #0x00
0003              7   NO2 EQU #0x24
0003              8   NO3 EQU #0x12
0003              9   NO4 EQU #0x79
0003             10   NO5 EQU #0x19
0003             11   NO6 EQU #0x78
0003             12   NO7 EQU #0x78
0003             13   NO8 EQU #0x10
0003             14   Blank EQU #0xFF
0003             15   
0003             16   HSec EQU #89
0003             17   Sec EQU #178
0003             18   TSec EQU #18
0003             19   
                 20   Display mac
                 21   	mov HEX5, %0
                 22   	mov HEX4, %1
                 23   	mov HEX3, %2
                 24   	mov HEX2, %3
                 25   	mov HEX1, %4
                 26   	mov HEX0, %5
                 27   	lcall latch
                 28   endmac
0003             29   
                 30   DisplayReverse mac
                 31   	mov HEX0, %5
                 32   	mov HEX1, %4
                 33   	mov HEX2, %3
                 34   	mov HEX3, %2
                 35   	mov HEX4, %1
                 36   	mov HEX5, %0
                 37   	lcall latch
                 38   endmac
0003             39   
0003             40   Delay:
0003 20EB05      41            jb SWA.3, fast
0006 7BB2        42            mov R3, Sec
0008 02000D      43            ljmp L2
000B             44            fast:
000B 7B59        45                    mov R3, HSec
000D 7AFA        46            L2: mov R2, #250
000F 79FA        47            L1: mov R1, #250
0011 D9FE        48            L0: djnz R1, L0 ; 3cyc*30ns*250=22.5us
0013 120039      49                    lcall latch
0016 DAF7        50                    djnz R2, L1 ; 22.5us*250 = 5.625ms
0018 DBF3        51                    djnz R3, L2 ; 5.625ms*89 = 0.500625s
001A 22          52   ret
001B             53   
001B             54   SpeedyDelay:
001B 7B12        55                    mov R3, TSec
001D 7AFA        56            M2: mov R2, #250
001F 79FA        57            M1: mov R1, #250
0021 D9FE        58            M0: djnz R1, M0 ; 3cyc*30ns*250=22.5us
0023 120039      59                    lcall latch
0026 DAF7        60                    djnz R2, M1 ; 22.5us*250 = 5.625ms
0028 DBF3        61                    djnz R3, M2 ; 5.625ms*89 = 0.500625s
002A 22          62   ret
002B             63            
002B             64   
002B             65   initial:
002B 75817F      66            mov SP, #0x7f ; initialize the stack
002E 75E800      67            mov LEDRA, #0 ; Bit addressable
0031 759500      68            mov LEDRB, #0 ; Not bit addressable
0034 1139        69            acall latch
0036 02002B      70            ljmp initial
0039             71   
0039             72   latch:
0039 30FB01      73            jnb KEY.3, lockVals
003C 22          74   ret
003D             75   
003D             76   lockVals:
003D A8E8        77            mov R0, SWA
003F 020042      78            ljmp Assg000
0042             79            
0042             80   Assg000:
0042 B80003      81            cjne R0, #0, Assg001
0045 02006F      82            ljmp case000
0048             83   Assg001:
0048 B80103      84            cjne R0, #1, Assg010
004B 020087      85            ljmp case001
004E             86   Assg010:
004E B80203      87            cjne R0, #2, Assg011
0051 02009F      88            ljmp case010
0054             89   Assg011:
0054 B80303      90            cjne R0, #3, Assg100
0057 0200D6      91            ljmp case011
005A             92   Assg100:
005A B80403      93            cjne R0, #4, Assg101
005D 02010D      94            ljmp case100
0060             95   Assg101:
0060 B80503      96            cjne R0, #5, Assg110
0063 020140      97            ljmp case101
0066             98   Assg110:
0066 B80603      99            cjne R0, #6, Assg111
0069 02017F     100            ljmp case110
006C            101   Assg111:
006C 0201CA     102            ljmp case111
006F            103            
006F            104            
006F            105   case000:
006F 758F00     106            mov HEX5, NO1
0072 758E24     106            mov HEX4, NO2
0075 759412     106            mov HEX3, NO3
0078 759379     106            mov HEX2, NO4
007B 759219     106            mov HEX1, NO5
007E 759178     106            mov HEX0, NO6
0081 120039     106            lcall latch
0084 02006F     107            ljmp case000
0087            108   case001:
0087 758FFF     109            mov HEX5, Blank
008A 758EFF     109            mov HEX4, Blank
008D 7594FF     109            mov HEX3, Blank
0090 7593FF     109            mov HEX2, Blank
0093 759278     109            mov HEX1, NO7
0096 759110     109            mov HEX0, NO8
0099 120039     109            lcall latch
009C 020087     110            ljmp case001
009F            111   case010:
009F 758F00     112            mov HEX5, NO1
00A2 758E24     112            mov HEX4, NO2
00A5 759412     112            mov HEX3, NO3
00A8 759379     112            mov HEX2, NO4
00AB 759219     112            mov HEX1, NO5
00AE 759178     112            mov HEX0, NO6
00B1 120039     112            lcall latch
00B4 7C78       113            mov R4, NO7
00B6 7410       114            mov a, NO8
00B8            115            loop010:
00B8 120003     116                    lcall Delay
00BB AD8F       117                    mov R5, HEX5
00BD 858E8F     118            mov HEX5, HEX4
00C0 85948E     118            mov HEX4, HEX3
00C3 859394     118            mov HEX3, HEX2
00C6 859293     118            mov HEX2, HEX1
00C9 859192     118            mov HEX1, HEX0
00CC 8C91       118            mov HEX0, R4
00CE 120039     118            lcall latch
00D1 FC         119                    mov R4, a
00D2 ED         120                    mov a, R5
00D3 0200B8     121                    ljmp loop010
00D6            122   case011:
00D6 758F00     123            mov HEX5, NO1
00D9 758E24     123            mov HEX4, NO2
00DC 759412     123            mov HEX3, NO3
00DF 759379     123            mov HEX2, NO4
00E2 759219     123            mov HEX1, NO5
00E5 759178     123            mov HEX0, NO6
00E8 120039     123            lcall latch
00EB 7C10       124            mov R4, NO8
00ED 7478       125            mov a, NO7
00EF            126            loop011:
00EF 120003     127                    lcall Delay
00F2 AD91       128                    mov R5, HEX0
00F4 859291     129            mov HEX0, HEX1
00F7 859392     129            mov HEX1, HEX2
00FA 859493     129            mov HEX2, HEX3
00FD 858E94     129            mov HEX3, HEX4
0100 858F8E     129            mov HEX4, HEX5
0103 8C8F       129            mov HEX5, R4
0105 120039     129            lcall latch
0108 FC         130                    mov R4, a
0109 ED         131                    mov a, R5
010A 0200EF     132                    ljmp loop011
010D            133   case100:
010D 758F12     134            mov HEX5, NO3
0110 758E79     134            mov HEX4, NO4
0113 759419     134            mov HEX3, NO5
0116 759378     134            mov HEX2, NO6
0119 759278     134            mov HEX1, NO7
011C 759110     134            mov HEX0, NO8
011F 120039     134            lcall latch
0122 120003     135            lcall Delay
0125 758FFF     136            mov HEX5, Blank
0128 758EFF     136            mov HEX4, Blank
012B 7594FF     136            mov HEX3, Blank
012E 7593FF     136            mov HEX2, Blank
0131 7592FF     136            mov HEX1, Blank
0134 7591FF     136            mov HEX0, Blank
0137 120039     136            lcall latch
013A 120003     137            lcall Delay
013D 02010D     138            ljmp case100
0140            139   case101:
0140 120003     140            lcall Delay
0143 758FFF     141            mov HEX5, Blank
0146 758EFF     141            mov HEX4, Blank
0149 7594FF     141            mov HEX3, Blank
014C 7593FF     141            mov HEX2, Blank
014F 7592FF     141            mov HEX1, Blank
0152 7591FF     141            mov HEX0, Blank
0155 120039     141            lcall latch
0158 120003     142            lcall Delay
015B 758F00     143            mov HEX5, NO1
015E 120003     144            lcall Delay
0161 758E24     145            mov HEX4, NO2
0164 120003     146            lcall Delay
0167 759412     147            mov HEX3, NO3
016A 120003     148            lcall Delay
016D 759379     149            mov HEX2, NO4
0170 120003     150            lcall Delay
0173 759219     151            mov HEX1, NO5
0176 120003     152            lcall Delay
0179 759178     153            mov HEX0, NO6
017C 020140     154            ljmp case101
017F            155   case110:
017F 120003     156            lcall Delay
0182 758FFF     157            mov HEX5, Blank
0185 758E09     157            mov HEX4, #09H
0188 759406     157            mov HEX3, #06H
018B 759347     157            mov HEX2, #47H
018E 759247     157            mov HEX1, #47H
0191 759140     157            mov HEX0, #40H
0194 120039     157            lcall latch
0197 120003     158            lcall Delay
019A 758F00     159            mov HEX5, NO1
019D 758E24     159            mov HEX4, NO2
01A0 759412     159            mov HEX3, NO3
01A3 759379     159            mov HEX2, NO4
01A6 759219     159            mov HEX1, NO5
01A9 759178     159            mov HEX0, NO6
01AC 120039     159            lcall latch
01AF 120003     160            lcall Delay
01B2 758F46     161            mov HEX5, #46H
01B5 758E0C     161            mov HEX4, #0CH
01B8 759448     161            mov HEX3, #48H
01BB 759330     161            mov HEX2, #30H
01BE 759279     161            mov HEX1, #79H
01C1 759124     161            mov HEX0, #24H
01C4 120039     161            lcall latch
01C7 02017F     162            ljmp case110
01CA            163   case111:
01CA 120003     164            lcall Delay
01CD 758FFF     165            mov HEX5, Blank
01D0 758EFF     165            mov HEX4, Blank
01D3 7594FF     165            mov HEX3, Blank
01D6 7593FF     165            mov HEX2, Blank
01D9 7592FF     165            mov HEX1, Blank
01DC 7591FF     165            mov HEX0, Blank
01DF 120039     165            lcall latch
01E2 12001B     166            lcall SpeedyDelay
01E5 758F78     167            mov HEX5, NO6
01E8 12001B     168            lcall SpeedyDelay
01EB 758FFF     169            mov HEX5, Blank
01EE 758E78     170            mov HEX4, NO6
01F1 12001B     171            lcall SpeedyDelay
01F4 758EFF     172            mov HEX4, Blank
01F7 759478     173            mov HEX3, NO6
01FA 12001B     174            lcall SpeedyDelay
01FD 7594FF     175            mov HEX3, blank
0200 759378     176            mov HEX2, NO6
0203 12001B     177            lcall SpeedyDelay
0206 7593FF     178            mov HEX2, blank
0209 759278     179            mov HEX1, NO6
020C 12001B     180            lcall SpeedyDelay
020F 7592FF     181            mov HEX1, blank
0212 759178     182            mov HEX0, NO6
0215            183            
0215 12001B     184            lcall SpeedyDelay
0218 758F19     185            mov HEX5, NO5
021B 12001B     186            lcall SpeedyDelay
021E 758FFF     187            mov HEX5, blank
0221 758E19     188            mov HEX4, NO5
0224 12001B     189            lcall SpeedyDelay
0227 758EFF     190            mov HEX4, blank
022A 759419     191            mov HEX3, NO5
022D 12001B     192            lcall SpeedyDelay
0230 7594FF     193            mov HEX3, blank
0233 759319     194            mov HEX2, NO5
0236 12001B     195            lcall SpeedyDelay
0239 7593FF     196            mov HEX2, blank
023C 759219     197            mov HEX1, NO5
023F            198            
023F 12001B     199            lcall SpeedyDelay
0242 759679     200            mov HEX6, NO4
0245 12001B     201            lcall SpeedyDelay
0248 7596FF     202            mov HEX6, blank
024B 758F79     203            mov HEX5, NO4
024E 12001B     204            lcall SpeedyDelay
0251 758FFF     205            mov HEX5, blank
0254 758E79     206            mov HEX4, NO4
0257 12001B     207            lcall SpeedyDelay
025A 758EFF     208            mov HEX4, blank
025D 759479     209            mov HEX3, NO4
0260 12001B     210            lcall SpeedyDelay
0263 7594FF     211            mov HEX3, blank
0266 759379     212            mov HEX2, NO4
0269            213            
0269 12001B     214            lcall SpeedyDelay
026C 759612     215            mov HEX6, NO3
026F 12001B     216            lcall SpeedyDelay
0272 7596FF     217            mov HEX6, blank
0275 758F12     218            mov HEX5, NO3
0278 12001B     219            lcall SpeedyDelay
027B 758FFF     220            mov HEX5, blank
027E 758E12     221            mov HEX4, NO3
0281 12001B     222            lcall SpeedyDelay
0284 758EFF     223            mov HEX4, blank
0287 759412     224            mov HEX3, NO3
028A            225            
028A 12001B     226            lcall SpeedyDelay
028D 758F24     227            mov HEX5, NO2
0290 12001B     228            lcall SpeedyDelay
0293 758FFF     229            mov HEX5, blank
0296 758E24     230            mov HEX4, NO2
0299            231            
0299 12001B     232            lcall SpeedyDelay
029C 758F00     233            mov HEX5, NO1
029F            234            
029F 120003     235            lcall Delay
02A2 758F00     236            mov HEX5, NO1
02A5 758E24     236            mov HEX4, NO2
02A8 759412     236            mov HEX3, NO3
02AB 759379     236            mov HEX2, NO4
02AE 759219     236            mov HEX1, NO5
02B1 759178     236            mov HEX0, NO6
02B4 120039     236            lcall latch
02B7 120003     237            lcall Delay
02BA 758FFF     238            mov HEX5, Blank
02BD 758EFF     238            mov HEX4, Blank
02C0 7594FF     238            mov HEX3, Blank
02C3 7593FF     238            mov HEX2, Blank
02C6 7592FF     238            mov HEX1, Blank
02C9 7591FF     238            mov HEX0, Blank
02CC 120039     238            lcall latch
02CF 120003     239            lcall Delay
02D2 758F00     240            mov HEX5, NO1
02D5 758E24     240            mov HEX4, NO2
02D8 759412     240            mov HEX3, NO3
02DB 759379     240            mov HEX2, NO4
02DE 759219     240            mov HEX1, NO5
02E1 759178     240            mov HEX0, NO6
02E4 120039     240            lcall latch
02E7 0201CA     241            ljmp case111
02EA            242   EN
